2018-03-12 20:30:15 INFO  ClassPathXmlApplicationContext:583 - Refreshing org.springframework.context.support.ClassPathXmlApplicationContext@759ebb3d: startup date [Mon Mar 12 20:30:15 CET 2018]; root of context hierarchy
2018-03-12 20:30:15 INFO  XmlBeanDefinitionReader:317 - Loading XML bean definitions from class path resource [spring-config.xml]
2018-03-12 20:30:15 INFO  ClassPathXmlApplicationContext:984 - Closing org.springframework.context.support.ClassPathXmlApplicationContext@759ebb3d: startup date [Mon Mar 12 20:30:15 CET 2018]; root of context hierarchy
2018-03-12 20:40:16 INFO  ClassPathXmlApplicationContext:583 - Refreshing org.springframework.context.support.ClassPathXmlApplicationContext@759ebb3d: startup date [Mon Mar 12 20:40:16 CET 2018]; root of context hierarchy
2018-03-12 20:40:16 INFO  XmlBeanDefinitionReader:317 - Loading XML bean definitions from class path resource [spring-config.xml]
2018-03-12 20:40:16 INFO  ClassPathXmlApplicationContext:984 - Closing org.springframework.context.support.ClassPathXmlApplicationContext@759ebb3d: startup date [Mon Mar 12 20:40:16 CET 2018]; root of context hierarchy
2018-03-14 20:39:15 INFO  AnnotationConfigApplicationContext:583 - Refreshing org.springframework.context.annotation.AnnotationConfigApplicationContext@3d82c5f3: startup date [Wed Mar 14 20:39:15 CET 2018]; root of context hierarchy
2018-03-14 20:40:06 INFO  AnnotationConfigApplicationContext:583 - Refreshing org.springframework.context.annotation.AnnotationConfigApplicationContext@3d82c5f3: startup date [Wed Mar 14 20:40:06 CET 2018]; root of context hierarchy
2018-03-14 20:40:26 INFO  AnnotationConfigApplicationContext:583 - Refreshing org.springframework.context.annotation.AnnotationConfigApplicationContext@3d82c5f3: startup date [Wed Mar 14 20:40:26 CET 2018]; root of context hierarchy
2018-03-14 20:41:21 INFO  AnnotationConfigApplicationContext:583 - Refreshing org.springframework.context.annotation.AnnotationConfigApplicationContext@3d82c5f3: startup date [Wed Mar 14 20:41:21 CET 2018]; root of context hierarchy
2018-03-14 20:41:21 INFO  AnnotationConfigApplicationContext:984 - Closing org.springframework.context.annotation.AnnotationConfigApplicationContext@3d82c5f3: startup date [Wed Mar 14 20:41:21 CET 2018]; root of context hierarchy
2018-03-14 20:53:37 INFO  DefaultTestContextBootstrapper:248 - Loaded default TestExecutionListener class names from location [META-INF/spring.factories]: [org.springframework.test.context.web.ServletTestExecutionListener, org.springframework.test.context.support.DirtiesContextBeforeModesTestExecutionListener, org.springframework.test.context.support.DependencyInjectionTestExecutionListener, org.springframework.test.context.support.DirtiesContextTestExecutionListener, org.springframework.test.context.transaction.TransactionalTestExecutionListener, org.springframework.test.context.jdbc.SqlScriptsTestExecutionListener]
2018-03-14 20:53:37 INFO  DefaultTestContextBootstrapper:174 - Using TestExecutionListeners: [org.springframework.test.context.support.DirtiesContextBeforeModesTestExecutionListener@337d0578, org.springframework.test.context.support.DependencyInjectionTestExecutionListener@59e84876, org.springframework.test.context.support.DirtiesContextTestExecutionListener@61a485d2]
2018-03-14 20:53:37 INFO  GenericApplicationContext:583 - Refreshing org.springframework.context.support.GenericApplicationContext@61832929: startup date [Wed Mar 14 20:53:37 CET 2018]; root of context hierarchy
2018-03-14 20:53:37 INFO  GenericApplicationContext:984 - Closing org.springframework.context.support.GenericApplicationContext@61832929: startup date [Wed Mar 14 20:53:37 CET 2018]; root of context hierarchy
2018-03-18 11:29:35 INFO  ClassPathXmlApplicationContext:583 - Refreshing org.springframework.context.support.ClassPathXmlApplicationContext@45fe3ee3: startup date [Sun Mar 18 11:29:35 CET 2018]; root of context hierarchy
2018-03-18 11:29:35 INFO  XmlBeanDefinitionReader:317 - Loading XML bean definitions from class path resource [spring-config.xml]
2018-03-18 11:29:36 INFO  ClassPathXmlApplicationContext:984 - Closing org.springframework.context.support.ClassPathXmlApplicationContext@45fe3ee3: startup date [Sun Mar 18 11:29:35 CET 2018]; root of context hierarchy
2018-03-18 11:30:10 INFO  ClassPathXmlApplicationContext:583 - Refreshing org.springframework.context.support.ClassPathXmlApplicationContext@45fe3ee3: startup date [Sun Mar 18 11:30:10 CET 2018]; root of context hierarchy
2018-03-18 11:30:10 INFO  XmlBeanDefinitionReader:317 - Loading XML bean definitions from class path resource [spring-config.xml]
2018-03-18 11:30:22 INFO  ClassPathXmlApplicationContext:583 - Refreshing org.springframework.context.support.ClassPathXmlApplicationContext@45fe3ee3: startup date [Sun Mar 18 11:30:22 CET 2018]; root of context hierarchy
2018-03-18 11:30:22 INFO  XmlBeanDefinitionReader:317 - Loading XML bean definitions from class path resource [spring-config.xml]
2018-03-18 11:30:36 INFO  ClassPathXmlApplicationContext:583 - Refreshing org.springframework.context.support.ClassPathXmlApplicationContext@45fe3ee3: startup date [Sun Mar 18 11:30:36 CET 2018]; root of context hierarchy
2018-03-18 11:30:36 INFO  XmlBeanDefinitionReader:317 - Loading XML bean definitions from class path resource [spring-config.xml]
2018-03-18 11:30:36 INFO  ClassPathXmlApplicationContext:984 - Closing org.springframework.context.support.ClassPathXmlApplicationContext@45fe3ee3: startup date [Sun Mar 18 11:30:36 CET 2018]; root of context hierarchy
2018-03-18 11:30:46 INFO  ClassPathXmlApplicationContext:583 - Refreshing org.springframework.context.support.ClassPathXmlApplicationContext@45fe3ee3: startup date [Sun Mar 18 11:30:46 CET 2018]; root of context hierarchy
2018-03-18 11:30:46 INFO  XmlBeanDefinitionReader:317 - Loading XML bean definitions from class path resource [spring-config.xml]
2018-03-18 11:31:03 INFO  ClassPathXmlApplicationContext:583 - Refreshing org.springframework.context.support.ClassPathXmlApplicationContext@45fe3ee3: startup date [Sun Mar 18 11:31:03 CET 2018]; root of context hierarchy
2018-03-18 11:31:03 INFO  XmlBeanDefinitionReader:317 - Loading XML bean definitions from class path resource [spring-config.xml]
2018-03-18 11:31:03 INFO  ClassPathXmlApplicationContext:984 - Closing org.springframework.context.support.ClassPathXmlApplicationContext@45fe3ee3: startup date [Sun Mar 18 11:31:03 CET 2018]; root of context hierarchy
2018-03-18 11:36:03 INFO  ClassPathXmlApplicationContext:583 - Refreshing org.springframework.context.support.ClassPathXmlApplicationContext@45fe3ee3: startup date [Sun Mar 18 11:36:03 CET 2018]; root of context hierarchy
2018-03-18 11:36:04 INFO  XmlBeanDefinitionReader:317 - Loading XML bean definitions from class path resource [spring-config.xml]
2018-03-18 11:36:04 INFO  ClassPathXmlApplicationContext:984 - Closing org.springframework.context.support.ClassPathXmlApplicationContext@45fe3ee3: startup date [Sun Mar 18 11:36:03 CET 2018]; root of context hierarchy
2018-03-18 11:37:35 INFO  ClassPathXmlApplicationContext:583 - Refreshing org.springframework.context.support.ClassPathXmlApplicationContext@45fe3ee3: startup date [Sun Mar 18 11:37:35 CET 2018]; root of context hierarchy
2018-03-18 11:37:35 INFO  XmlBeanDefinitionReader:317 - Loading XML bean definitions from class path resource [spring-config.xml]
2018-03-18 11:37:35 INFO  ClassPathXmlApplicationContext:984 - Closing org.springframework.context.support.ClassPathXmlApplicationContext@45fe3ee3: startup date [Sun Mar 18 11:37:35 CET 2018]; root of context hierarchy
2018-03-18 11:49:46 INFO  ClassPathXmlApplicationContext:583 - Refreshing org.springframework.context.support.ClassPathXmlApplicationContext@45fe3ee3: startup date [Sun Mar 18 11:49:46 CET 2018]; root of context hierarchy
2018-03-18 11:49:46 INFO  XmlBeanDefinitionReader:317 - Loading XML bean definitions from class path resource [spring-config.xml]
2018-03-18 11:49:47 INFO  ClassPathXmlApplicationContext:984 - Closing org.springframework.context.support.ClassPathXmlApplicationContext@45fe3ee3: startup date [Sun Mar 18 11:49:46 CET 2018]; root of context hierarchy
2018-03-18 11:50:13 INFO  ClassPathXmlApplicationContext:583 - Refreshing org.springframework.context.support.ClassPathXmlApplicationContext@45fe3ee3: startup date [Sun Mar 18 11:50:13 CET 2018]; root of context hierarchy
2018-03-18 11:50:13 INFO  XmlBeanDefinitionReader:317 - Loading XML bean definitions from class path resource [spring-config.xml]
2018-03-18 11:50:13 INFO  ClassPathXmlApplicationContext:984 - Closing org.springframework.context.support.ClassPathXmlApplicationContext@45fe3ee3: startup date [Sun Mar 18 11:50:13 CET 2018]; root of context hierarchy
2018-03-18 12:09:44 INFO  DefaultTestContextBootstrapper:248 - Loaded default TestExecutionListener class names from location [META-INF/spring.factories]: [org.springframework.test.context.web.ServletTestExecutionListener, org.springframework.test.context.support.DirtiesContextBeforeModesTestExecutionListener, org.springframework.test.context.support.DependencyInjectionTestExecutionListener, org.springframework.test.context.support.DirtiesContextTestExecutionListener, org.springframework.test.context.transaction.TransactionalTestExecutionListener, org.springframework.test.context.jdbc.SqlScriptsTestExecutionListener]
2018-03-18 12:09:44 INFO  DefaultTestContextBootstrapper:174 - Using TestExecutionListeners: [org.springframework.test.context.support.DirtiesContextBeforeModesTestExecutionListener@731f8236, org.springframework.test.context.support.DependencyInjectionTestExecutionListener@255b53dc, org.springframework.test.context.support.DirtiesContextTestExecutionListener@1dd92fe2]
2018-03-18 12:09:44 INFO  GenericApplicationContext:583 - Refreshing org.springframework.context.support.GenericApplicationContext@2aece37d: startup date [Sun Mar 18 12:09:44 CET 2018]; root of context hierarchy
2018-03-18 12:09:45 INFO  GenericApplicationContext:984 - Closing org.springframework.context.support.GenericApplicationContext@2aece37d: startup date [Sun Mar 18 12:09:44 CET 2018]; root of context hierarchy
2018-03-18 12:10:56 INFO  DefaultTestContextBootstrapper:248 - Loaded default TestExecutionListener class names from location [META-INF/spring.factories]: [org.springframework.test.context.web.ServletTestExecutionListener, org.springframework.test.context.support.DirtiesContextBeforeModesTestExecutionListener, org.springframework.test.context.support.DependencyInjectionTestExecutionListener, org.springframework.test.context.support.DirtiesContextTestExecutionListener, org.springframework.test.context.transaction.TransactionalTestExecutionListener, org.springframework.test.context.jdbc.SqlScriptsTestExecutionListener]
2018-03-18 12:10:56 INFO  DefaultTestContextBootstrapper:174 - Using TestExecutionListeners: [org.springframework.test.context.support.DirtiesContextBeforeModesTestExecutionListener@731f8236, org.springframework.test.context.support.DependencyInjectionTestExecutionListener@255b53dc, org.springframework.test.context.support.DirtiesContextTestExecutionListener@1dd92fe2]
2018-03-18 12:10:56 INFO  GenericApplicationContext:583 - Refreshing org.springframework.context.support.GenericApplicationContext@2aece37d: startup date [Sun Mar 18 12:10:56 CET 2018]; root of context hierarchy
2018-03-18 12:10:56 INFO  GenericApplicationContext:984 - Closing org.springframework.context.support.GenericApplicationContext@2aece37d: startup date [Sun Mar 18 12:10:56 CET 2018]; root of context hierarchy
2018-03-18 12:14:07 INFO  DefaultTestContextBootstrapper:248 - Loaded default TestExecutionListener class names from location [META-INF/spring.factories]: [org.springframework.test.context.web.ServletTestExecutionListener, org.springframework.test.context.support.DirtiesContextBeforeModesTestExecutionListener, org.springframework.test.context.support.DependencyInjectionTestExecutionListener, org.springframework.test.context.support.DirtiesContextTestExecutionListener, org.springframework.test.context.transaction.TransactionalTestExecutionListener, org.springframework.test.context.jdbc.SqlScriptsTestExecutionListener]
2018-03-18 12:14:07 INFO  DefaultTestContextBootstrapper:174 - Using TestExecutionListeners: [org.springframework.test.context.support.DirtiesContextBeforeModesTestExecutionListener@731f8236, org.springframework.test.context.support.DependencyInjectionTestExecutionListener@255b53dc, org.springframework.test.context.support.DirtiesContextTestExecutionListener@1dd92fe2]
2018-03-18 12:14:07 INFO  GenericApplicationContext:583 - Refreshing org.springframework.context.support.GenericApplicationContext@2aece37d: startup date [Sun Mar 18 12:14:07 CET 2018]; root of context hierarchy
2018-03-18 12:14:07 INFO  GenericApplicationContext:984 - Closing org.springframework.context.support.GenericApplicationContext@2aece37d: startup date [Sun Mar 18 12:14:07 CET 2018]; root of context hierarchy
2018-03-18 12:45:39 INFO  ClassPathXmlApplicationContext:583 - Refreshing org.springframework.context.support.ClassPathXmlApplicationContext@45fe3ee3: startup date [Sun Mar 18 12:45:39 CET 2018]; root of context hierarchy
2018-03-18 12:45:39 INFO  XmlBeanDefinitionReader:317 - Loading XML bean definitions from class path resource [spring-config.xml]
2018-03-18 12:45:39 INFO  ClassPathXmlApplicationContext:984 - Closing org.springframework.context.support.ClassPathXmlApplicationContext@45fe3ee3: startup date [Sun Mar 18 12:45:39 CET 2018]; root of context hierarchy
2018-03-19 20:22:08 INFO  AnnotationConfigApplicationContext:583 - Refreshing org.springframework.context.annotation.AnnotationConfigApplicationContext@61e717c2: startup date [Mon Mar 19 20:22:08 CET 2018]; root of context hierarchy
2018-03-19 20:22:29 INFO  AnnotationConfigApplicationContext:583 - Refreshing org.springframework.context.annotation.AnnotationConfigApplicationContext@61e717c2: startup date [Mon Mar 19 20:22:29 CET 2018]; root of context hierarchy
2018-03-19 20:22:29 INFO  AnnotationConfigApplicationContext:984 - Closing org.springframework.context.annotation.AnnotationConfigApplicationContext@61e717c2: startup date [Mon Mar 19 20:22:29 CET 2018]; root of context hierarchy
2018-03-19 20:25:02 INFO  AnnotationConfigApplicationContext:583 - Refreshing org.springframework.context.annotation.AnnotationConfigApplicationContext@61e717c2: startup date [Mon Mar 19 20:25:02 CET 2018]; root of context hierarchy
2018-03-19 20:25:02 INFO  AnnotationConfigApplicationContext:984 - Closing org.springframework.context.annotation.AnnotationConfigApplicationContext@61e717c2: startup date [Mon Mar 19 20:25:02 CET 2018]; root of context hierarchy
2018-03-19 20:27:12 INFO  AnnotationConfigApplicationContext:583 - Refreshing org.springframework.context.annotation.AnnotationConfigApplicationContext@61e717c2: startup date [Mon Mar 19 20:27:12 CET 2018]; root of context hierarchy
2018-03-19 20:27:13 INFO  AnnotationConfigApplicationContext:984 - Closing org.springframework.context.annotation.AnnotationConfigApplicationContext@61e717c2: startup date [Mon Mar 19 20:27:12 CET 2018]; root of context hierarchy
2018-03-19 20:59:39 INFO  ClassPathXmlApplicationContext:583 - Refreshing org.springframework.context.support.ClassPathXmlApplicationContext@45fe3ee3: startup date [Mon Mar 19 20:59:39 CET 2018]; root of context hierarchy
2018-03-19 20:59:39 INFO  XmlBeanDefinitionReader:317 - Loading XML bean definitions from class path resource [spring-confi.xml]
2018-03-19 21:00:14 INFO  ClassPathXmlApplicationContext:583 - Refreshing org.springframework.context.support.ClassPathXmlApplicationContext@45fe3ee3: startup date [Mon Mar 19 21:00:14 CET 2018]; root of context hierarchy
2018-03-19 21:00:14 INFO  XmlBeanDefinitionReader:317 - Loading XML bean definitions from class path resource [spring-config.xml]
2018-03-19 21:00:36 INFO  ClassPathXmlApplicationContext:583 - Refreshing org.springframework.context.support.ClassPathXmlApplicationContext@45fe3ee3: startup date [Mon Mar 19 21:00:36 CET 2018]; root of context hierarchy
2018-03-19 21:00:36 INFO  XmlBeanDefinitionReader:317 - Loading XML bean definitions from class path resource [spring-config.xml]
2018-03-19 21:01:37 INFO  ClassPathXmlApplicationContext:583 - Refreshing org.springframework.context.support.ClassPathXmlApplicationContext@45fe3ee3: startup date [Mon Mar 19 21:01:37 CET 2018]; root of context hierarchy
2018-03-19 21:01:38 INFO  XmlBeanDefinitionReader:317 - Loading XML bean definitions from class path resource [spring-config.xml]
2018-03-19 21:01:38 WARN  ClassPathXmlApplicationContext:551 - Exception encountered during context initialization - cancelling refresh attempt: org.springframework.beans.factory.BeanCreationException: Error creating bean with name 'student' defined in class path resource [spring-config.xml]: Cannot resolve reference to bean 'address' while setting bean property 'address'; nested exception is org.springframework.beans.factory.NoSuchBeanDefinitionException: No bean named 'address' available
2018-03-19 21:03:02 INFO  ClassPathXmlApplicationContext:583 - Refreshing org.springframework.context.support.ClassPathXmlApplicationContext@45fe3ee3: startup date [Mon Mar 19 21:03:02 CET 2018]; root of context hierarchy
2018-03-19 21:03:02 INFO  XmlBeanDefinitionReader:317 - Loading XML bean definitions from class path resource [spring-config.xml]
2018-03-19 21:03:02 WARN  ClassPathXmlApplicationContext:551 - Exception encountered during context initialization - cancelling refresh attempt: org.springframework.beans.factory.BeanCreationException: Error creating bean with name 'student' defined in class path resource [spring-config.xml]: Cannot resolve reference to bean 'address' while setting bean property 'address'; nested exception is org.springframework.beans.factory.NoSuchBeanDefinitionException: No bean named 'address' available
2018-03-19 21:04:20 INFO  ClassPathXmlApplicationContext:583 - Refreshing org.springframework.context.support.ClassPathXmlApplicationContext@45fe3ee3: startup date [Mon Mar 19 21:04:20 CET 2018]; root of context hierarchy
2018-03-19 21:04:20 INFO  XmlBeanDefinitionReader:317 - Loading XML bean definitions from class path resource [spring-config.xml]
2018-03-19 21:04:20 INFO  ClassPathXmlApplicationContext:984 - Closing org.springframework.context.support.ClassPathXmlApplicationContext@45fe3ee3: startup date [Mon Mar 19 21:04:20 CET 2018]; root of context hierarchy
2018-03-19 21:05:07 INFO  ClassPathXmlApplicationContext:583 - Refreshing org.springframework.context.support.ClassPathXmlApplicationContext@45fe3ee3: startup date [Mon Mar 19 21:05:07 CET 2018]; root of context hierarchy
2018-03-19 21:05:07 INFO  XmlBeanDefinitionReader:317 - Loading XML bean definitions from class path resource [spring-config.xml]
2018-03-19 21:05:08 INFO  ClassPathXmlApplicationContext:984 - Closing org.springframework.context.support.ClassPathXmlApplicationContext@45fe3ee3: startup date [Mon Mar 19 21:05:07 CET 2018]; root of context hierarchy
2018-03-19 23:33:47 INFO  ClassPathXmlApplicationContext:583 - Refreshing org.springframework.context.support.ClassPathXmlApplicationContext@45fe3ee3: startup date [Mon Mar 19 23:33:47 CET 2018]; root of context hierarchy
2018-03-19 23:33:47 INFO  XmlBeanDefinitionReader:317 - Loading XML bean definitions from class path resource [spring-config.xml]
2018-03-19 23:33:48 INFO  ClassPathXmlApplicationContext:984 - Closing org.springframework.context.support.ClassPathXmlApplicationContext@45fe3ee3: startup date [Mon Mar 19 23:33:47 CET 2018]; root of context hierarchy
2018-03-19 23:51:24 INFO  AnnotationConfigApplicationContext:583 - Refreshing org.springframework.context.annotation.AnnotationConfigApplicationContext@61e717c2: startup date [Mon Mar 19 23:51:24 CET 2018]; root of context hierarchy
2018-03-19 23:51:25 WARN  AnnotationConfigApplicationContext:551 - Exception encountered during context initialization - cancelling refresh attempt: org.springframework.beans.factory.UnsatisfiedDependencyException: Error creating bean with name 'student': Unsatisfied dependency expressed through field 'address'; nested exception is org.springframework.beans.factory.NoSuchBeanDefinitionException: No qualifying bean of type 'com.privalia.entity.Address' available: expected at least 1 bean which qualifies as autowire candidate. Dependency annotations: {@org.springframework.beans.factory.annotation.Autowired(required=true)}
2018-03-19 23:52:53 INFO  AnnotationConfigApplicationContext:583 - Refreshing org.springframework.context.annotation.AnnotationConfigApplicationContext@61e717c2: startup date [Mon Mar 19 23:52:53 CET 2018]; root of context hierarchy
2018-03-19 23:52:53 WARN  AnnotationConfigApplicationContext:551 - Exception encountered during context initialization - cancelling refresh attempt: org.springframework.beans.factory.UnsatisfiedDependencyException: Error creating bean with name 'student': Unsatisfied dependency expressed through field 'address'; nested exception is org.springframework.beans.factory.UnsatisfiedDependencyException: Error creating bean with name 'address': Unsatisfied dependency expressed through field 'idAddress'; nested exception is org.springframework.beans.TypeMismatchException: Failed to convert value of type 'java.lang.String' to required type 'int'; nested exception is java.lang.NumberFormatException: For input string: "HelloWorldFormAnnotations!"
2018-03-19 23:53:18 INFO  AnnotationConfigApplicationContext:583 - Refreshing org.springframework.context.annotation.AnnotationConfigApplicationContext@61e717c2: startup date [Mon Mar 19 23:53:18 CET 2018]; root of context hierarchy
2018-03-19 23:53:18 INFO  AnnotationConfigApplicationContext:984 - Closing org.springframework.context.annotation.AnnotationConfigApplicationContext@61e717c2: startup date [Mon Mar 19 23:53:18 CET 2018]; root of context hierarchy
2018-03-19 23:54:04 INFO  AnnotationConfigApplicationContext:583 - Refreshing org.springframework.context.annotation.AnnotationConfigApplicationContext@61e717c2: startup date [Mon Mar 19 23:54:04 CET 2018]; root of context hierarchy
2018-03-19 23:54:05 INFO  AnnotationConfigApplicationContext:984 - Closing org.springframework.context.annotation.AnnotationConfigApplicationContext@61e717c2: startup date [Mon Mar 19 23:54:04 CET 2018]; root of context hierarchy
2018-03-19 23:58:25 INFO  AnnotationConfigApplicationContext:583 - Refreshing org.springframework.context.annotation.AnnotationConfigApplicationContext@61e717c2: startup date [Mon Mar 19 23:58:25 CET 2018]; root of context hierarchy
2018-03-19 23:58:26 INFO  AnnotationConfigApplicationContext:984 - Closing org.springframework.context.annotation.AnnotationConfigApplicationContext@61e717c2: startup date [Mon Mar 19 23:58:25 CET 2018]; root of context hierarchy
2018-03-19 23:59:33 INFO  AnnotationConfigApplicationContext:583 - Refreshing org.springframework.context.annotation.AnnotationConfigApplicationContext@61e717c2: startup date [Mon Mar 19 23:59:33 CET 2018]; root of context hierarchy
2018-03-19 23:59:33 INFO  AnnotationConfigApplicationContext:984 - Closing org.springframework.context.annotation.AnnotationConfigApplicationContext@61e717c2: startup date [Mon Mar 19 23:59:33 CET 2018]; root of context hierarchy
2018-03-20 00:00:13 INFO  AnnotationConfigApplicationContext:583 - Refreshing org.springframework.context.annotation.AnnotationConfigApplicationContext@61e717c2: startup date [Tue Mar 20 00:00:13 CET 2018]; root of context hierarchy
2018-03-20 00:00:14 WARN  AnnotationConfigApplicationContext:551 - Exception encountered during context initialization - cancelling refresh attempt: org.springframework.beans.factory.UnsatisfiedDependencyException: Error creating bean with name 'student': Unsatisfied dependency expressed through field 'address'; nested exception is org.springframework.beans.factory.NoSuchBeanDefinitionException: No qualifying bean of type 'com.privalia.entity.annotations.Address' available: expected at least 1 bean which qualifies as autowire candidate. Dependency annotations: {@org.springframework.beans.factory.annotation.Autowired(required=true)}
2018-03-20 00:00:36 INFO  AnnotationConfigApplicationContext:583 - Refreshing org.springframework.context.annotation.AnnotationConfigApplicationContext@61e717c2: startup date [Tue Mar 20 00:00:36 CET 2018]; root of context hierarchy
2018-03-20 00:00:36 INFO  AnnotationConfigApplicationContext:984 - Closing org.springframework.context.annotation.AnnotationConfigApplicationContext@61e717c2: startup date [Tue Mar 20 00:00:36 CET 2018]; root of context hierarchy
2018-03-20 00:02:36 INFO  AnnotationConfigApplicationContext:583 - Refreshing org.springframework.context.annotation.AnnotationConfigApplicationContext@61e717c2: startup date [Tue Mar 20 00:02:36 CET 2018]; root of context hierarchy
2018-03-20 00:02:36 INFO  AnnotationConfigApplicationContext:984 - Closing org.springframework.context.annotation.AnnotationConfigApplicationContext@61e717c2: startup date [Tue Mar 20 00:02:36 CET 2018]; root of context hierarchy
2018-03-20 21:44:22 INFO  AnnotationConfigApplicationContext:583 - Refreshing org.springframework.context.annotation.AnnotationConfigApplicationContext@61e717c2: startup date [Tue Mar 20 21:44:22 CET 2018]; root of context hierarchy
2018-03-20 21:44:22 INFO  AnnotationConfigApplicationContext:984 - Closing org.springframework.context.annotation.AnnotationConfigApplicationContext@61e717c2: startup date [Tue Mar 20 21:44:22 CET 2018]; root of context hierarchy
2018-03-20 21:46:41 INFO  AnnotationConfigApplicationContext:583 - Refreshing org.springframework.context.annotation.AnnotationConfigApplicationContext@61e717c2: startup date [Tue Mar 20 21:46:41 CET 2018]; root of context hierarchy
2018-03-20 21:46:42 INFO  AnnotationConfigApplicationContext:984 - Closing org.springframework.context.annotation.AnnotationConfigApplicationContext@61e717c2: startup date [Tue Mar 20 21:46:41 CET 2018]; root of context hierarchy
2018-03-20 21:59:13 INFO  AnnotationConfigApplicationContext:583 - Refreshing org.springframework.context.annotation.AnnotationConfigApplicationContext@61e717c2: startup date [Tue Mar 20 21:59:13 CET 2018]; root of context hierarchy
2018-03-20 21:59:13 INFO  AnnotationConfigApplicationContext:984 - Closing org.springframework.context.annotation.AnnotationConfigApplicationContext@61e717c2: startup date [Tue Mar 20 21:59:13 CET 2018]; root of context hierarchy
2018-03-20 21:59:42 INFO  AnnotationConfigApplicationContext:583 - Refreshing org.springframework.context.annotation.AnnotationConfigApplicationContext@61e717c2: startup date [Tue Mar 20 21:59:42 CET 2018]; root of context hierarchy
2018-03-20 22:00:02 INFO  AnnotationConfigApplicationContext:583 - Refreshing org.springframework.context.annotation.AnnotationConfigApplicationContext@61e717c2: startup date [Tue Mar 20 22:00:02 CET 2018]; root of context hierarchy
2018-03-20 22:01:41 INFO  AnnotationConfigApplicationContext:583 - Refreshing org.springframework.context.annotation.AnnotationConfigApplicationContext@61e717c2: startup date [Tue Mar 20 22:01:41 CET 2018]; root of context hierarchy
2018-03-20 22:01:41 INFO  AnnotationConfigApplicationContext:984 - Closing org.springframework.context.annotation.AnnotationConfigApplicationContext@61e717c2: startup date [Tue Mar 20 22:01:41 CET 2018]; root of context hierarchy
2018-03-20 22:01:51 INFO  AnnotationConfigApplicationContext:583 - Refreshing org.springframework.context.annotation.AnnotationConfigApplicationContext@61e717c2: startup date [Tue Mar 20 22:01:51 CET 2018]; root of context hierarchy
2018-03-20 22:01:51 INFO  AnnotationConfigApplicationContext:984 - Closing org.springframework.context.annotation.AnnotationConfigApplicationContext@61e717c2: startup date [Tue Mar 20 22:01:51 CET 2018]; root of context hierarchy
2018-03-20 22:02:05 INFO  AnnotationConfigApplicationContext:583 - Refreshing org.springframework.context.annotation.AnnotationConfigApplicationContext@61e717c2: startup date [Tue Mar 20 22:02:05 CET 2018]; root of context hierarchy
2018-03-20 22:02:05 INFO  AnnotationConfigApplicationContext:984 - Closing org.springframework.context.annotation.AnnotationConfigApplicationContext@61e717c2: startup date [Tue Mar 20 22:02:05 CET 2018]; root of context hierarchy
2018-03-20 22:02:16 INFO  AnnotationConfigApplicationContext:583 - Refreshing org.springframework.context.annotation.AnnotationConfigApplicationContext@61e717c2: startup date [Tue Mar 20 22:02:16 CET 2018]; root of context hierarchy
2018-03-20 22:02:16 INFO  AnnotationConfigApplicationContext:984 - Closing org.springframework.context.annotation.AnnotationConfigApplicationContext@61e717c2: startup date [Tue Mar 20 22:02:16 CET 2018]; root of context hierarchy
2018-03-20 22:05:49 INFO  AnnotationConfigApplicationContext:583 - Refreshing org.springframework.context.annotation.AnnotationConfigApplicationContext@61e717c2: startup date [Tue Mar 20 22:05:49 CET 2018]; root of context hierarchy
2018-03-20 22:06:23 INFO  AnnotationConfigApplicationContext:583 - Refreshing org.springframework.context.annotation.AnnotationConfigApplicationContext@61e717c2: startup date [Tue Mar 20 22:06:23 CET 2018]; root of context hierarchy
2018-03-20 22:06:23 INFO  AnnotationConfigApplicationContext:984 - Closing org.springframework.context.annotation.AnnotationConfigApplicationContext@61e717c2: startup date [Tue Mar 20 22:06:23 CET 2018]; root of context hierarchy
2018-03-20 22:12:23 INFO  AnnotationConfigApplicationContext:583 - Refreshing org.springframework.context.annotation.AnnotationConfigApplicationContext@61e717c2: startup date [Tue Mar 20 22:12:23 CET 2018]; root of context hierarchy
2018-03-20 22:12:23 WARN  AnnotationConfigApplicationContext:551 - Exception encountered during context initialization - cancelling refresh attempt: org.springframework.beans.factory.UnsatisfiedDependencyException: Error creating bean with name 'studentCons': Unsatisfied dependency expressed through field 'idStudent'; nested exception is org.springframework.beans.TypeMismatchException: Failed to convert value of type 'java.lang.String' to required type 'int'; nested exception is java.lang.NumberFormatException: For input string: "${student.idstudents}"
2018-03-20 22:12:32 INFO  AnnotationConfigApplicationContext:583 - Refreshing org.springframework.context.annotation.AnnotationConfigApplicationContext@61e717c2: startup date [Tue Mar 20 22:12:32 CET 2018]; root of context hierarchy
2018-03-20 22:12:32 INFO  AnnotationConfigApplicationContext:984 - Closing org.springframework.context.annotation.AnnotationConfigApplicationContext@61e717c2: startup date [Tue Mar 20 22:12:32 CET 2018]; root of context hierarchy
2018-03-21 19:03:21 INFO  AnnotationConfigApplicationContext:583 - Refreshing org.springframework.context.annotation.AnnotationConfigApplicationContext@61e717c2: startup date [Wed Mar 21 19:03:21 CET 2018]; root of context hierarchy
2018-03-21 19:03:22 INFO  AnnotationConfigApplicationContext:984 - Closing org.springframework.context.annotation.AnnotationConfigApplicationContext@61e717c2: startup date [Wed Mar 21 19:03:21 CET 2018]; root of context hierarchy
2018-03-21 19:04:41 INFO  AnnotationConfigApplicationContext:583 - Refreshing org.springframework.context.annotation.AnnotationConfigApplicationContext@61e717c2: startup date [Wed Mar 21 19:04:41 CET 2018]; root of context hierarchy
2018-03-21 19:04:41 INFO  AnnotationConfigApplicationContext:984 - Closing org.springframework.context.annotation.AnnotationConfigApplicationContext@61e717c2: startup date [Wed Mar 21 19:04:41 CET 2018]; root of context hierarchy
2018-03-21 19:08:59 INFO  AnnotationConfigApplicationContext:583 - Refreshing org.springframework.context.annotation.AnnotationConfigApplicationContext@61e717c2: startup date [Wed Mar 21 19:08:59 CET 2018]; root of context hierarchy
2018-03-21 19:08:59 INFO  AnnotationConfigApplicationContext:984 - Closing org.springframework.context.annotation.AnnotationConfigApplicationContext@61e717c2: startup date [Wed Mar 21 19:08:59 CET 2018]; root of context hierarchy
2018-03-21 19:10:31 INFO  AnnotationConfigApplicationContext:583 - Refreshing org.springframework.context.annotation.AnnotationConfigApplicationContext@61e717c2: startup date [Wed Mar 21 19:10:31 CET 2018]; root of context hierarchy
2018-03-21 19:10:32 INFO  AnnotationConfigApplicationContext:984 - Closing org.springframework.context.annotation.AnnotationConfigApplicationContext@61e717c2: startup date [Wed Mar 21 19:10:31 CET 2018]; root of context hierarchy
2018-03-21 19:11:32 INFO  AnnotationConfigApplicationContext:583 - Refreshing org.springframework.context.annotation.AnnotationConfigApplicationContext@61e717c2: startup date [Wed Mar 21 19:11:32 CET 2018]; root of context hierarchy
2018-03-21 19:11:33 INFO  AnnotationConfigApplicationContext:984 - Closing org.springframework.context.annotation.AnnotationConfigApplicationContext@61e717c2: startup date [Wed Mar 21 19:11:32 CET 2018]; root of context hierarchy
2018-03-21 19:12:33 INFO  AnnotationConfigApplicationContext:583 - Refreshing org.springframework.context.annotation.AnnotationConfigApplicationContext@61e717c2: startup date [Wed Mar 21 19:12:33 CET 2018]; root of context hierarchy
2018-03-21 19:12:34 INFO  AnnotationConfigApplicationContext:984 - Closing org.springframework.context.annotation.AnnotationConfigApplicationContext@61e717c2: startup date [Wed Mar 21 19:12:33 CET 2018]; root of context hierarchy
2018-03-21 19:13:00 INFO  AnnotationConfigApplicationContext:583 - Refreshing org.springframework.context.annotation.AnnotationConfigApplicationContext@61e717c2: startup date [Wed Mar 21 19:13:00 CET 2018]; root of context hierarchy
2018-03-21 19:13:00 INFO  AnnotationConfigApplicationContext:984 - Closing org.springframework.context.annotation.AnnotationConfigApplicationContext@61e717c2: startup date [Wed Mar 21 19:13:00 CET 2018]; root of context hierarchy
2018-03-21 19:16:10 INFO  AnnotationConfigApplicationContext:583 - Refreshing org.springframework.context.annotation.AnnotationConfigApplicationContext@61e717c2: startup date [Wed Mar 21 19:16:10 CET 2018]; root of context hierarchy
2018-03-21 19:16:10 INFO  AnnotationConfigApplicationContext:984 - Closing org.springframework.context.annotation.AnnotationConfigApplicationContext@61e717c2: startup date [Wed Mar 21 19:16:10 CET 2018]; root of context hierarchy
2018-03-21 19:35:24 INFO  AnnotationConfigApplicationContext:583 - Refreshing org.springframework.context.annotation.AnnotationConfigApplicationContext@61e717c2: startup date [Wed Mar 21 19:35:23 CET 2018]; root of context hierarchy
2018-03-21 19:35:24 INFO  AnnotationConfigApplicationContext:984 - Closing org.springframework.context.annotation.AnnotationConfigApplicationContext@61e717c2: startup date [Wed Mar 21 19:35:23 CET 2018]; root of context hierarchy
2018-03-21 19:36:13 INFO  AnnotationConfigApplicationContext:583 - Refreshing org.springframework.context.annotation.AnnotationConfigApplicationContext@61e717c2: startup date [Wed Mar 21 19:36:13 CET 2018]; root of context hierarchy
2018-03-21 19:36:14 INFO  AnnotationConfigApplicationContext:984 - Closing org.springframework.context.annotation.AnnotationConfigApplicationContext@61e717c2: startup date [Wed Mar 21 19:36:13 CET 2018]; root of context hierarchy
2018-03-21 19:39:45 INFO  AnnotationConfigApplicationContext:583 - Refreshing org.springframework.context.annotation.AnnotationConfigApplicationContext@61e717c2: startup date [Wed Mar 21 19:39:45 CET 2018]; root of context hierarchy
2018-03-21 19:39:45 INFO  AnnotationConfigApplicationContext:984 - Closing org.springframework.context.annotation.AnnotationConfigApplicationContext@61e717c2: startup date [Wed Mar 21 19:39:45 CET 2018]; root of context hierarchy
2018-03-21 20:21:40 INFO  ClassPathXmlApplicationContext:583 - Refreshing org.springframework.context.support.ClassPathXmlApplicationContext@45fe3ee3: startup date [Wed Mar 21 20:21:40 CET 2018]; root of context hierarchy
2018-03-21 20:21:40 INFO  XmlBeanDefinitionReader:317 - Loading XML bean definitions from class path resource [spring-confi.xml]
2018-03-21 20:21:53 INFO  ClassPathXmlApplicationContext:583 - Refreshing org.springframework.context.support.ClassPathXmlApplicationContext@45fe3ee3: startup date [Wed Mar 21 20:21:53 CET 2018]; root of context hierarchy
2018-03-21 20:21:53 INFO  XmlBeanDefinitionReader:317 - Loading XML bean definitions from class path resource [spring-config.xml]
2018-03-21 20:21:54 WARN  ClassPathXmlApplicationContext:551 - Exception encountered during context initialization - cancelling refresh attempt: org.springframework.beans.factory.UnsatisfiedDependencyException: Error creating bean with name 'studentCons' defined in class path resource [spring-config.xml]: Unsatisfied dependency expressed through constructor parameter 4: Ambiguous argument values for parameter of type [com.privalia.entity.Address] - did you specify the correct bean references as arguments?
2018-03-21 20:23:07 INFO  ClassPathXmlApplicationContext:583 - Refreshing org.springframework.context.support.ClassPathXmlApplicationContext@45fe3ee3: startup date [Wed Mar 21 20:23:07 CET 2018]; root of context hierarchy
2018-03-21 20:23:07 INFO  XmlBeanDefinitionReader:317 - Loading XML bean definitions from class path resource [spring-config.xml]
2018-03-21 20:23:08 WARN  ClassPathXmlApplicationContext:551 - Exception encountered during context initialization - cancelling refresh attempt: org.springframework.beans.factory.UnsatisfiedDependencyException: Error creating bean with name 'studentCons' defined in class path resource [spring-config.xml]: Unsatisfied dependency expressed through constructor parameter 4: Ambiguous argument values for parameter of type [com.privalia.entity.Address] - did you specify the correct bean references as arguments?
2018-03-21 20:24:53 INFO  ClassPathXmlApplicationContext:583 - Refreshing org.springframework.context.support.ClassPathXmlApplicationContext@45fe3ee3: startup date [Wed Mar 21 20:24:53 CET 2018]; root of context hierarchy
2018-03-21 20:24:53 INFO  XmlBeanDefinitionReader:317 - Loading XML bean definitions from class path resource [spring-config.xml]
2018-03-21 20:24:54 WARN  ClassPathXmlApplicationContext:551 - Exception encountered during context initialization - cancelling refresh attempt: org.springframework.beans.factory.UnsatisfiedDependencyException: Error creating bean with name 'studentCons' defined in class path resource [spring-config.xml]: Unsatisfied dependency expressed through constructor parameter 4: Ambiguous argument values for parameter of type [com.privalia.entity.Address] - did you specify the correct bean references as arguments?
2018-03-21 20:26:29 INFO  ClassPathXmlApplicationContext:583 - Refreshing org.springframework.context.support.ClassPathXmlApplicationContext@45fe3ee3: startup date [Wed Mar 21 20:26:29 CET 2018]; root of context hierarchy
2018-03-21 20:26:30 INFO  XmlBeanDefinitionReader:317 - Loading XML bean definitions from class path resource [spring-config.xml]
2018-03-21 20:27:08 INFO  ClassPathXmlApplicationContext:583 - Refreshing org.springframework.context.support.ClassPathXmlApplicationContext@45fe3ee3: startup date [Wed Mar 21 20:27:08 CET 2018]; root of context hierarchy
2018-03-21 20:27:08 INFO  XmlBeanDefinitionReader:317 - Loading XML bean definitions from class path resource [spring-config.xml]
2018-03-21 20:27:20 INFO  ClassPathXmlApplicationContext:583 - Refreshing org.springframework.context.support.ClassPathXmlApplicationContext@45fe3ee3: startup date [Wed Mar 21 20:27:20 CET 2018]; root of context hierarchy
2018-03-21 20:27:20 INFO  XmlBeanDefinitionReader:317 - Loading XML bean definitions from class path resource [spring-config.xml]
2018-03-21 20:32:05 INFO  ClassPathXmlApplicationContext:583 - Refreshing org.springframework.context.support.ClassPathXmlApplicationContext@45fe3ee3: startup date [Wed Mar 21 20:32:05 CET 2018]; root of context hierarchy
2018-03-21 20:32:05 INFO  XmlBeanDefinitionReader:317 - Loading XML bean definitions from class path resource [spring-config.xml]
2018-03-21 20:32:05 WARN  ClassPathXmlApplicationContext:551 - Exception encountered during context initialization - cancelling refresh attempt: org.springframework.beans.factory.BeanCreationException: Error creating bean with name 'studentList' defined in class path resource [spring-config.xml]: Error setting property values; nested exception is org.springframework.beans.NotWritablePropertyException: Invalid property 'silver3Student' of bean class [com.privalia.entity.listas.Student]: Bean property 'silver3Student' is not writable or has an invalid setter method. Does the parameter type of the setter match the return type of the getter?
2018-03-21 20:32:23 INFO  ClassPathXmlApplicationContext:583 - Refreshing org.springframework.context.support.ClassPathXmlApplicationContext@45fe3ee3: startup date [Wed Mar 21 20:32:23 CET 2018]; root of context hierarchy
2018-03-21 20:32:23 INFO  XmlBeanDefinitionReader:317 - Loading XML bean definitions from class path resource [spring-config.xml]
2018-03-21 20:32:24 WARN  ClassPathXmlApplicationContext:551 - Exception encountered during context initialization - cancelling refresh attempt: org.springframework.beans.factory.BeanCreationException: Error creating bean with name 'studentList' defined in class path resource [spring-config.xml]: Error setting property values; nested exception is org.springframework.beans.NotWritablePropertyException: Invalid property 'silver3Student' of bean class [com.privalia.entity.listas.Student]: Bean property 'silver3Student' is not writable or has an invalid setter method. Does the parameter type of the setter match the return type of the getter?
2018-03-21 20:34:26 INFO  ClassPathXmlApplicationContext:583 - Refreshing org.springframework.context.support.ClassPathXmlApplicationContext@45fe3ee3: startup date [Wed Mar 21 20:34:26 CET 2018]; root of context hierarchy
2018-03-21 20:34:26 INFO  XmlBeanDefinitionReader:317 - Loading XML bean definitions from class path resource [spring-config.xml]
2018-03-21 20:34:27 INFO  DefaultListableBeanFactory:828 - Overriding bean definition for bean 'silver3Student' with a different definition: replacing [Generic bean: class [org.springframework.beans.factory.config.ListFactoryBean]; scope=; abstract=false; lazyInit=false; autowireMode=0; dependencyCheck=0; autowireCandidate=true; primary=false; factoryBeanName=null; factoryMethodName=null; initMethodName=null; destroyMethodName=null] with [Generic bean: class [com.privalia.entity.listas.Student]; scope=; abstract=false; lazyInit=false; autowireMode=0; dependencyCheck=0; autowireCandidate=true; primary=false; factoryBeanName=null; factoryMethodName=null; initMethodName=null; destroyMethodName=null; defined in class path resource [spring-config.xml]]
2018-03-21 20:34:27 INFO  ClassPathXmlApplicationContext:984 - Closing org.springframework.context.support.ClassPathXmlApplicationContext@45fe3ee3: startup date [Wed Mar 21 20:34:26 CET 2018]; root of context hierarchy
2018-03-21 20:37:34 INFO  ClassPathXmlApplicationContext:583 - Refreshing org.springframework.context.support.ClassPathXmlApplicationContext@45fe3ee3: startup date [Wed Mar 21 20:37:34 CET 2018]; root of context hierarchy
2018-03-21 20:37:34 INFO  XmlBeanDefinitionReader:317 - Loading XML bean definitions from class path resource [spring-config.xml]
2018-03-21 20:37:35 INFO  ClassPathXmlApplicationContext:984 - Closing org.springframework.context.support.ClassPathXmlApplicationContext@45fe3ee3: startup date [Wed Mar 21 20:37:34 CET 2018]; root of context hierarchy
2018-03-21 20:38:32 INFO  ClassPathXmlApplicationContext:583 - Refreshing org.springframework.context.support.ClassPathXmlApplicationContext@45fe3ee3: startup date [Wed Mar 21 20:38:32 CET 2018]; root of context hierarchy
2018-03-21 20:38:32 INFO  XmlBeanDefinitionReader:317 - Loading XML bean definitions from class path resource [spring-config.xml]
2018-03-21 20:38:33 WARN  ClassPathXmlApplicationContext:551 - Exception encountered during context initialization - cancelling refresh attempt: org.springframework.beans.factory.BeanCreationException: Error creating bean with name 'silver3Student' defined in class path resource [spring-config.xml]: Error setting property values; nested exception is org.springframework.beans.NotWritablePropertyException: Invalid property 'listTeacher' of bean class [com.privalia.entity.listas.Student]: Bean property 'listTeacher' is not writable or has an invalid setter method. Does the parameter type of the setter match the return type of the getter?
2018-03-21 20:38:53 INFO  ClassPathXmlApplicationContext:583 - Refreshing org.springframework.context.support.ClassPathXmlApplicationContext@45fe3ee3: startup date [Wed Mar 21 20:38:53 CET 2018]; root of context hierarchy
2018-03-21 20:38:53 INFO  XmlBeanDefinitionReader:317 - Loading XML bean definitions from class path resource [spring-config.xml]
2018-03-21 20:38:54 INFO  ClassPathXmlApplicationContext:984 - Closing org.springframework.context.support.ClassPathXmlApplicationContext@45fe3ee3: startup date [Wed Mar 21 20:38:53 CET 2018]; root of context hierarchy
2018-03-21 20:51:12 INFO  AnnotationConfigApplicationContext:583 - Refreshing org.springframework.context.annotation.AnnotationConfigApplicationContext@61e717c2: startup date [Wed Mar 21 20:51:12 CET 2018]; root of context hierarchy
2018-03-21 20:51:12 WARN  AnnotationConfigApplicationContext:551 - Exception encountered during context initialization - cancelling refresh attempt: org.springframework.beans.factory.UnsatisfiedDependencyException: Error creating bean with name 'student': Unsatisfied dependency expressed through field 'listTeacher'; nested exception is org.springframework.beans.factory.NoSuchBeanDefinitionException: No qualifying bean of type 'java.util.List<com.privalia.entity.listas.Teacher>' available: expected at least 1 bean which qualifies as autowire candidate. Dependency annotations: {@org.springframework.beans.factory.annotation.Autowired(required=true), @org.springframework.beans.factory.annotation.Qualifier(value=teachers)}
2018-03-21 20:57:43 INFO  AnnotationConfigApplicationContext:583 - Refreshing org.springframework.context.annotation.AnnotationConfigApplicationContext@61e717c2: startup date [Wed Mar 21 20:57:43 CET 2018]; root of context hierarchy
2018-03-21 20:57:43 WARN  AnnotationConfigApplicationContext:551 - Exception encountered during context initialization - cancelling refresh attempt: org.springframework.beans.factory.UnsatisfiedDependencyException: Error creating bean with name 'student': Unsatisfied dependency expressed through field 'listTeacher'; nested exception is org.springframework.beans.factory.NoSuchBeanDefinitionException: No qualifying bean of type 'java.util.List<com.privalia.entity.listas.Teacher>' available: expected at least 1 bean which qualifies as autowire candidate. Dependency annotations: {@org.springframework.beans.factory.annotation.Autowired(required=true), @org.springframework.beans.factory.annotation.Qualifier(value=teachers)}
2018-03-21 20:58:38 INFO  AnnotationConfigApplicationContext:583 - Refreshing org.springframework.context.annotation.AnnotationConfigApplicationContext@61e717c2: startup date [Wed Mar 21 20:58:38 CET 2018]; root of context hierarchy
2018-03-21 20:58:38 WARN  AnnotationConfigApplicationContext:551 - Exception encountered during context initialization - cancelling refresh attempt: org.springframework.beans.factory.UnsatisfiedDependencyException: Error creating bean with name 'student': Unsatisfied dependency expressed through field 'listTeacher'; nested exception is org.springframework.beans.ConversionNotSupportedException: Failed to convert value of type 'java.util.ArrayList' to required type 'java.util.List'; nested exception is java.lang.IllegalStateException: Cannot convert value of type 'com.privalia.entity.listas.annotations.Teacher' to required type 'com.privalia.entity.listas.Teacher': no matching editors or conversion strategy found
2018-03-21 20:58:55 INFO  AnnotationConfigApplicationContext:583 - Refreshing org.springframework.context.annotation.AnnotationConfigApplicationContext@61e717c2: startup date [Wed Mar 21 20:58:55 CET 2018]; root of context hierarchy
2018-03-21 20:58:55 INFO  AnnotationConfigApplicationContext:984 - Closing org.springframework.context.annotation.AnnotationConfigApplicationContext@61e717c2: startup date [Wed Mar 21 20:58:55 CET 2018]; root of context hierarchy
2018-03-21 20:59:57 INFO  AnnotationConfigApplicationContext:583 - Refreshing org.springframework.context.annotation.AnnotationConfigApplicationContext@61e717c2: startup date [Wed Mar 21 20:59:57 CET 2018]; root of context hierarchy
2018-03-21 20:59:58 INFO  AnnotationConfigApplicationContext:984 - Closing org.springframework.context.annotation.AnnotationConfigApplicationContext@61e717c2: startup date [Wed Mar 21 20:59:57 CET 2018]; root of context hierarchy
2018-03-24 11:44:39 INFO  AnnotationConfigApplicationContext:583 - Refreshing org.springframework.context.annotation.AnnotationConfigApplicationContext@61e717c2: startup date [Sat Mar 24 11:44:39 CET 2018]; root of context hierarchy
2018-03-24 11:44:39 INFO  AnnotationConfigApplicationContext:984 - Closing org.springframework.context.annotation.AnnotationConfigApplicationContext@61e717c2: startup date [Sat Mar 24 11:44:39 CET 2018]; root of context hierarchy
2018-03-24 12:44:42 INFO  AnnotationConfigApplicationContext:583 - Refreshing org.springframework.context.annotation.AnnotationConfigApplicationContext@61e717c2: startup date [Sat Mar 24 12:44:42 CET 2018]; root of context hierarchy
2018-03-24 12:44:42 INFO  AnnotationConfigApplicationContext:984 - Closing org.springframework.context.annotation.AnnotationConfigApplicationContext@61e717c2: startup date [Sat Mar 24 12:44:42 CET 2018]; root of context hierarchy
2018-03-24 13:45:53 INFO  AnnotationConfigApplicationContext:583 - Refreshing org.springframework.context.annotation.AnnotationConfigApplicationContext@61e717c2: startup date [Sat Mar 24 13:45:53 CET 2018]; root of context hierarchy
2018-03-24 13:45:54 INFO  AnnotationConfigApplicationContext:984 - Closing org.springframework.context.annotation.AnnotationConfigApplicationContext@61e717c2: startup date [Sat Mar 24 13:45:53 CET 2018]; root of context hierarchy
2018-03-24 13:46:49 INFO  AnnotationConfigApplicationContext:583 - Refreshing org.springframework.context.annotation.AnnotationConfigApplicationContext@61e717c2: startup date [Sat Mar 24 13:46:49 CET 2018]; root of context hierarchy
2018-03-24 13:46:50 INFO  AnnotationConfigApplicationContext:984 - Closing org.springframework.context.annotation.AnnotationConfigApplicationContext@61e717c2: startup date [Sat Mar 24 13:46:49 CET 2018]; root of context hierarchy
2018-03-24 13:50:36 INFO  AnnotationConfigApplicationContext:583 - Refreshing org.springframework.context.annotation.AnnotationConfigApplicationContext@61e717c2: startup date [Sat Mar 24 13:50:36 CET 2018]; root of context hierarchy
2018-03-24 13:50:36 INFO  AnnotationConfigApplicationContext:984 - Closing org.springframework.context.annotation.AnnotationConfigApplicationContext@61e717c2: startup date [Sat Mar 24 13:50:36 CET 2018]; root of context hierarchy
2018-03-25 00:43:10 INFO  AnnotationConfigApplicationContext:583 - Refreshing org.springframework.context.annotation.AnnotationConfigApplicationContext@61e717c2: startup date [Sun Mar 25 00:43:10 CET 2018]; root of context hierarchy
2018-03-25 00:43:11 INFO  AnnotationConfigApplicationContext:984 - Closing org.springframework.context.annotation.AnnotationConfigApplicationContext@61e717c2: startup date [Sun Mar 25 00:43:10 CET 2018]; root of context hierarchy
2018-03-26 19:25:58 INFO  ClassPathXmlApplicationContext:583 - Refreshing org.springframework.context.support.ClassPathXmlApplicationContext@45fe3ee3: startup date [Mon Mar 26 19:25:58 CEST 2018]; root of context hierarchy
2018-03-26 19:25:58 INFO  XmlBeanDefinitionReader:317 - Loading XML bean definitions from class path resource [spring-config.xml]
2018-03-26 19:25:58 INFO  ClassPathXmlApplicationContext:984 - Closing org.springframework.context.support.ClassPathXmlApplicationContext@45fe3ee3: startup date [Mon Mar 26 19:25:58 CEST 2018]; root of context hierarchy
2018-03-26 20:34:35 INFO  ClassPathXmlApplicationContext:583 - Refreshing org.springframework.context.support.ClassPathXmlApplicationContext@45fe3ee3: startup date [Mon Mar 26 20:34:35 CEST 2018]; root of context hierarchy
2018-03-26 20:34:35 INFO  XmlBeanDefinitionReader:317 - Loading XML bean definitions from class path resource [spring-config.xml]
2018-03-26 20:34:36 WARN  ClassPathXmlApplicationContext:551 - Exception encountered during context initialization - cancelling refresh attempt: org.springframework.beans.factory.BeanCreationException: Error creating bean with name 'helloWorld' defined in class path resource [spring-config.xml]: BeanPostProcessor before instantiation of bean failed; nested exception is org.springframework.beans.factory.BeanCreationException: Error creating bean with name 'org.springframework.aop.aspectj.AspectJPointcutAdvisor#0': Cannot create inner bean '(inner bean)#307f6b8c' of type [org.springframework.aop.aspectj.AspectJMethodBeforeAdvice] while setting constructor argument; nested exception is org.springframework.beans.factory.BeanCreationException: Error creating bean with name '(inner bean)#307f6b8c': Cannot create inner bean '(inner bean)#7a187f14' of type [org.springframework.aop.config.MethodLocatingFactoryBean] while setting constructor argument; nested exception is org.springframework.beans.factory.BeanCreationException: Error creating bean with name '(inner bean)#7a187f14': Initialization of bean failed; nested exception is org.springframework.beans.factory.NoSuchBeanDefinitionException: No bean named 'validarMaterial' available
2018-03-26 20:36:58 INFO  ClassPathXmlApplicationContext:583 - Refreshing org.springframework.context.support.ClassPathXmlApplicationContext@45fe3ee3: startup date [Mon Mar 26 20:36:58 CEST 2018]; root of context hierarchy
2018-03-26 20:36:58 INFO  XmlBeanDefinitionReader:317 - Loading XML bean definitions from class path resource [spring-config.xml]
2018-03-26 20:36:59 WARN  ClassPathXmlApplicationContext:551 - Exception encountered during context initialization - cancelling refresh attempt: org.springframework.beans.factory.BeanCreationException: Error creating bean with name 'helloWorld' defined in class path resource [spring-config.xml]: BeanPostProcessor before instantiation of bean failed; nested exception is org.springframework.beans.factory.BeanCreationException: Error creating bean with name 'org.springframework.aop.aspectj.AspectJPointcutAdvisor#0': Cannot create inner bean '(inner bean)#307f6b8c' of type [org.springframework.aop.aspectj.AspectJMethodBeforeAdvice] while setting constructor argument; nested exception is org.springframework.beans.factory.BeanCreationException: Error creating bean with name '(inner bean)#307f6b8c': Cannot create inner bean '(inner bean)#7a187f14' of type [org.springframework.aop.config.MethodLocatingFactoryBean] while setting constructor argument; nested exception is org.springframework.beans.factory.BeanCreationException: Error creating bean with name '(inner bean)#7a187f14': Initialization of bean failed; nested exception is org.springframework.beans.factory.NoSuchBeanDefinitionException: No bean named 'validarMaterial' available
2018-03-26 20:38:04 INFO  ClassPathXmlApplicationContext:583 - Refreshing org.springframework.context.support.ClassPathXmlApplicationContext@45fe3ee3: startup date [Mon Mar 26 20:38:04 CEST 2018]; root of context hierarchy
2018-03-26 20:38:04 INFO  XmlBeanDefinitionReader:317 - Loading XML bean definitions from class path resource [spring-config.xml]
2018-03-26 20:38:04 WARN  ClassPathXmlApplicationContext:551 - Exception encountered during context initialization - cancelling refresh attempt: org.springframework.beans.factory.BeanCreationException: Error creating bean with name 'helloWorld' defined in class path resource [spring-config.xml]: BeanPostProcessor before instantiation of bean failed; nested exception is org.springframework.beans.factory.BeanCreationException: Error creating bean with name 'org.springframework.aop.aspectj.AspectJPointcutAdvisor#0': Cannot create inner bean '(inner bean)#307f6b8c' of type [org.springframework.aop.aspectj.AspectJMethodBeforeAdvice] while setting constructor argument; nested exception is org.springframework.beans.factory.BeanCreationException: Error creating bean with name '(inner bean)#307f6b8c': Cannot create inner bean '(inner bean)#7a187f14' of type [org.springframework.aop.config.MethodLocatingFactoryBean] while setting constructor argument; nested exception is org.springframework.beans.factory.BeanCreationException: Error creating bean with name '(inner bean)#7a187f14': Initialization of bean failed; nested exception is org.springframework.beans.factory.NoSuchBeanDefinitionException: No bean named 'validarMaterial' available
2018-03-26 20:39:33 INFO  ClassPathXmlApplicationContext:583 - Refreshing org.springframework.context.support.ClassPathXmlApplicationContext@45fe3ee3: startup date [Mon Mar 26 20:39:33 CEST 2018]; root of context hierarchy
2018-03-26 20:39:33 INFO  XmlBeanDefinitionReader:317 - Loading XML bean definitions from class path resource [spring-config.xml]
2018-03-26 20:40:32 INFO  ClassPathXmlApplicationContext:583 - Refreshing org.springframework.context.support.ClassPathXmlApplicationContext@45fe3ee3: startup date [Mon Mar 26 20:40:32 CEST 2018]; root of context hierarchy
2018-03-26 20:40:32 INFO  XmlBeanDefinitionReader:317 - Loading XML bean definitions from class path resource [spring-config.xml]
2018-03-26 20:40:33 INFO  ClassPathXmlApplicationContext:984 - Closing org.springframework.context.support.ClassPathXmlApplicationContext@45fe3ee3: startup date [Mon Mar 26 20:40:32 CEST 2018]; root of context hierarchy
2018-03-26 20:58:33 INFO  AnnotationConfigApplicationContext:583 - Refreshing org.springframework.context.annotation.AnnotationConfigApplicationContext@61e717c2: startup date [Mon Mar 26 20:58:33 CEST 2018]; root of context hierarchy
2018-03-26 20:59:14 INFO  AnnotationConfigApplicationContext:583 - Refreshing org.springframework.context.annotation.AnnotationConfigApplicationContext@61e717c2: startup date [Mon Mar 26 20:59:14 CEST 2018]; root of context hierarchy
2018-03-26 23:36:43 INFO  AnnotationConfigApplicationContext:583 - Refreshing org.springframework.context.annotation.AnnotationConfigApplicationContext@61e717c2: startup date [Mon Mar 26 23:36:43 CEST 2018]; root of context hierarchy
2018-03-26 23:36:43 INFO  AnnotationConfigApplicationContext:984 - Closing org.springframework.context.annotation.AnnotationConfigApplicationContext@61e717c2: startup date [Mon Mar 26 23:36:43 CEST 2018]; root of context hierarchy
2018-03-26 23:41:54 INFO  DefaultTestContextBootstrapper:248 - Loaded default TestExecutionListener class names from location [META-INF/spring.factories]: [org.springframework.test.context.web.ServletTestExecutionListener, org.springframework.test.context.support.DirtiesContextBeforeModesTestExecutionListener, org.springframework.test.context.support.DependencyInjectionTestExecutionListener, org.springframework.test.context.support.DirtiesContextTestExecutionListener, org.springframework.test.context.transaction.TransactionalTestExecutionListener, org.springframework.test.context.jdbc.SqlScriptsTestExecutionListener]
2018-03-26 23:41:54 INFO  DefaultTestContextBootstrapper:174 - Using TestExecutionListeners: [org.springframework.test.context.support.DirtiesContextBeforeModesTestExecutionListener@731f8236, org.springframework.test.context.support.DependencyInjectionTestExecutionListener@255b53dc, org.springframework.test.context.support.DirtiesContextTestExecutionListener@1dd92fe2]
2018-03-26 23:41:54 INFO  GenericApplicationContext:583 - Refreshing org.springframework.context.support.GenericApplicationContext@2aece37d: startup date [Mon Mar 26 23:41:54 CEST 2018]; root of context hierarchy
2018-03-26 23:41:55 INFO  GenericApplicationContext:984 - Closing org.springframework.context.support.GenericApplicationContext@2aece37d: startup date [Mon Mar 26 23:41:54 CEST 2018]; root of context hierarchy
2018-03-26 23:52:19 INFO  DefaultTestContextBootstrapper:248 - Loaded default TestExecutionListener class names from location [META-INF/spring.factories]: [org.springframework.test.context.web.ServletTestExecutionListener, org.springframework.test.context.support.DirtiesContextBeforeModesTestExecutionListener, org.springframework.test.context.support.DependencyInjectionTestExecutionListener, org.springframework.test.context.support.DirtiesContextTestExecutionListener, org.springframework.test.context.transaction.TransactionalTestExecutionListener, org.springframework.test.context.jdbc.SqlScriptsTestExecutionListener]
2018-03-26 23:52:19 INFO  DefaultTestContextBootstrapper:174 - Using TestExecutionListeners: [org.springframework.test.context.support.DirtiesContextBeforeModesTestExecutionListener@731f8236, org.springframework.test.context.support.DependencyInjectionTestExecutionListener@255b53dc, org.springframework.test.context.support.DirtiesContextTestExecutionListener@1dd92fe2]
2018-03-26 23:52:19 INFO  GenericApplicationContext:583 - Refreshing org.springframework.context.support.GenericApplicationContext@2aece37d: startup date [Mon Mar 26 23:52:19 CEST 2018]; root of context hierarchy
2018-03-26 23:52:19 INFO  GenericApplicationContext:984 - Closing org.springframework.context.support.GenericApplicationContext@2aece37d: startup date [Mon Mar 26 23:52:19 CEST 2018]; root of context hierarchy
2018-03-26 23:54:06 INFO  DefaultTestContextBootstrapper:248 - Loaded default TestExecutionListener class names from location [META-INF/spring.factories]: [org.springframework.test.context.web.ServletTestExecutionListener, org.springframework.test.context.support.DirtiesContextBeforeModesTestExecutionListener, org.springframework.test.context.support.DependencyInjectionTestExecutionListener, org.springframework.test.context.support.DirtiesContextTestExecutionListener, org.springframework.test.context.transaction.TransactionalTestExecutionListener, org.springframework.test.context.jdbc.SqlScriptsTestExecutionListener]
2018-03-26 23:54:06 INFO  DefaultTestContextBootstrapper:174 - Using TestExecutionListeners: [org.springframework.test.context.support.DirtiesContextBeforeModesTestExecutionListener@731f8236, org.springframework.test.context.support.DependencyInjectionTestExecutionListener@255b53dc, org.springframework.test.context.support.DirtiesContextTestExecutionListener@1dd92fe2]
2018-03-26 23:54:07 INFO  GenericApplicationContext:583 - Refreshing org.springframework.context.support.GenericApplicationContext@2aece37d: startup date [Mon Mar 26 23:54:07 CEST 2018]; root of context hierarchy
2018-03-26 23:54:07 INFO  GenericApplicationContext:984 - Closing org.springframework.context.support.GenericApplicationContext@2aece37d: startup date [Mon Mar 26 23:54:07 CEST 2018]; root of context hierarchy
2018-03-26 23:54:39 INFO  DefaultTestContextBootstrapper:248 - Loaded default TestExecutionListener class names from location [META-INF/spring.factories]: [org.springframework.test.context.web.ServletTestExecutionListener, org.springframework.test.context.support.DirtiesContextBeforeModesTestExecutionListener, org.springframework.test.context.support.DependencyInjectionTestExecutionListener, org.springframework.test.context.support.DirtiesContextTestExecutionListener, org.springframework.test.context.transaction.TransactionalTestExecutionListener, org.springframework.test.context.jdbc.SqlScriptsTestExecutionListener]
2018-03-26 23:54:39 INFO  DefaultTestContextBootstrapper:174 - Using TestExecutionListeners: [org.springframework.test.context.support.DirtiesContextBeforeModesTestExecutionListener@731f8236, org.springframework.test.context.support.DependencyInjectionTestExecutionListener@255b53dc, org.springframework.test.context.support.DirtiesContextTestExecutionListener@1dd92fe2]
2018-03-26 23:54:39 INFO  GenericApplicationContext:583 - Refreshing org.springframework.context.support.GenericApplicationContext@2aece37d: startup date [Mon Mar 26 23:54:39 CEST 2018]; root of context hierarchy
2018-03-26 23:54:39 INFO  GenericApplicationContext:984 - Closing org.springframework.context.support.GenericApplicationContext@2aece37d: startup date [Mon Mar 26 23:54:39 CEST 2018]; root of context hierarchy
2018-03-26 23:57:38 INFO  DefaultTestContextBootstrapper:248 - Loaded default TestExecutionListener class names from location [META-INF/spring.factories]: [org.springframework.test.context.web.ServletTestExecutionListener, org.springframework.test.context.support.DirtiesContextBeforeModesTestExecutionListener, org.springframework.test.context.support.DependencyInjectionTestExecutionListener, org.springframework.test.context.support.DirtiesContextTestExecutionListener, org.springframework.test.context.transaction.TransactionalTestExecutionListener, org.springframework.test.context.jdbc.SqlScriptsTestExecutionListener]
2018-03-26 23:57:38 INFO  DefaultTestContextBootstrapper:174 - Using TestExecutionListeners: [org.springframework.test.context.support.DirtiesContextBeforeModesTestExecutionListener@731f8236, org.springframework.test.context.support.DependencyInjectionTestExecutionListener@255b53dc, org.springframework.test.context.support.DirtiesContextTestExecutionListener@1dd92fe2]
2018-03-26 23:57:38 INFO  GenericApplicationContext:583 - Refreshing org.springframework.context.support.GenericApplicationContext@2aece37d: startup date [Mon Mar 26 23:57:38 CEST 2018]; root of context hierarchy
2018-03-26 23:57:38 INFO  GenericApplicationContext:984 - Closing org.springframework.context.support.GenericApplicationContext@2aece37d: startup date [Mon Mar 26 23:57:38 CEST 2018]; root of context hierarchy
2018-03-29 17:45:39 INFO  AnnotationConfigApplicationContext:583 - Refreshing org.springframework.context.annotation.AnnotationConfigApplicationContext@61e717c2: startup date [Thu Mar 29 17:45:39 CEST 2018]; root of context hierarchy
2018-03-29 17:45:39 INFO  AnnotationConfigApplicationContext:984 - Closing org.springframework.context.annotation.AnnotationConfigApplicationContext@61e717c2: startup date [Thu Mar 29 17:45:39 CEST 2018]; root of context hierarchy
2018-03-29 17:52:12 INFO  DefaultTestContextBootstrapper:248 - Loaded default TestExecutionListener class names from location [META-INF/spring.factories]: [org.springframework.test.context.web.ServletTestExecutionListener, org.springframework.test.context.support.DirtiesContextBeforeModesTestExecutionListener, org.springframework.test.context.support.DependencyInjectionTestExecutionListener, org.springframework.test.context.support.DirtiesContextTestExecutionListener, org.springframework.test.context.transaction.TransactionalTestExecutionListener, org.springframework.test.context.jdbc.SqlScriptsTestExecutionListener]
2018-03-29 17:52:13 INFO  DefaultTestContextBootstrapper:174 - Using TestExecutionListeners: [org.springframework.test.context.support.DirtiesContextBeforeModesTestExecutionListener@731f8236, org.springframework.test.context.support.DependencyInjectionTestExecutionListener@255b53dc, org.springframework.test.context.support.DirtiesContextTestExecutionListener@1dd92fe2]
2018-03-29 17:52:13 INFO  GenericApplicationContext:583 - Refreshing org.springframework.context.support.GenericApplicationContext@2aece37d: startup date [Thu Mar 29 17:52:13 CEST 2018]; root of context hierarchy
2018-03-29 17:52:13 INFO  GenericApplicationContext:984 - Closing org.springframework.context.support.GenericApplicationContext@2aece37d: startup date [Thu Mar 29 17:52:13 CEST 2018]; root of context hierarchy
